<?xml version='1.0'?>
<ns2:test-suite xmlns:ns2='urn:model.allure.qatools.yandex.ru' start='1547004640389' stop='1547004652708'>
    <name>Regresion Suite</name>
    <title>Regresion Suite</title>
    <test-cases>
        <test-case start='1547004649777' status='passed' stop='1547004649820'>
            <name>should verify the title</name>
            <title>should verify the title</title>
            <labels/>
            <parameters/>
            <steps/>
            <attachments/>
        </test-case>
        <test-case start='1547004649820' status='failed' stop='1547004652378'>
            <name>should successfully logIn</name>
            <title>should successfully logIn</title>
            <labels/>
            <parameters/>
            <steps/>
            <attachments/>
            <failure>
                <message>Failed: no such window: target window already closed
                from unknown error: web view not found
                  (Session info: chrome=71.0.3578.98)
                  (Driver info: chromedriver=2.45.615291 (ec3682e3c9061c10f26ea9e5cdcf3c53f3f74387),platform=Windows NT 10.0.17134 x86_64)</message>
                <stack-trace>NoSuchWindowError: no such window: target window already closed
                from unknown error: web view not found
                  (Session info: chrome=71.0.3578.98)
                  (Driver info: chromedriver=2.45.615291 (ec3682e3c9061c10f26ea9e5cdcf3c53f3f74387),platform=Windows NT 10.0.17134 x86_64)
                    at Object.checkLegacyResponse (C:\Users\PC USER\AppData\Roaming\npm\node_modules\protractor\node_modules\selenium-webdriver\lib\error.js:546:15)
                    at parseHttpResponse (C:\Users\PC USER\AppData\Roaming\npm\node_modules\protractor\node_modules\selenium-webdriver\lib\http.js:509:13)
                    at doSend.then.response (C:\Users\PC USER\AppData\Roaming\npm\node_modules\protractor\node_modules\selenium-webdriver\lib\http.js:441:30)
                    at &lt;anonymous>
                    at process._tickCallback (internal/process/next_tick.js:189:7)
                From: Task: WebDriver.findElements(By(css selector, h1.title))
                    at Driver.schedule (C:\Users\PC USER\AppData\Roaming\npm\node_modules\protractor\node_modules\selenium-webdriver\lib\webdriver.js:807:17)
                    at Driver.findElements (C:\Users\PC USER\AppData\Roaming\npm\node_modules\protractor\node_modules\selenium-webdriver\lib\webdriver.js:1048:19)
                    at ptor.waitForAngular.then (C:\Users\PC USER\AppData\Roaming\npm\node_modules\protractor\built\element.js:159:44)
                    at ManagedPromise.invokeCallback_ (C:\Users\PC USER\AppData\Roaming\npm\node_modules\protractor\node_modules\selenium-webdriver\lib\promise.js:1376:14)
                    at TaskQueue.execute_ (C:\Users\PC USER\AppData\Roaming\npm\node_modules\protractor\node_modules\selenium-webdriver\lib\promise.js:3084:14)
                    at TaskQueue.executeNext_ (C:\Users\PC USER\AppData\Roaming\npm\node_modules\protractor\node_modules\selenium-webdriver\lib\promise.js:3067:27)
                    at asyncRun (C:\Users\PC USER\AppData\Roaming\npm\node_modules\protractor\node_modules\selenium-webdriver\lib\promise.js:2927:27)
                    at C:\Users\PC USER\AppData\Roaming\npm\node_modules\protractor\node_modules\selenium-webdriver\lib\promise.js:668:7
                    at &lt;anonymous>
                    at process._tickCallback (internal/process/next_tick.js:189:7)Error
                    at ElementArrayFinder.applyAction_ (C:\Users\PC USER\AppData\Roaming\npm\node_modules\protractor\built\element.js:459:27)
                    at ElementArrayFinder.(anonymous function).args [as getText] (C:\Users\PC USER\AppData\Roaming\npm\node_modules\protractor\built\element.js:91:29)
                    at ElementFinder.(anonymous function).args [as getText] (C:\Users\PC USER\AppData\Roaming\npm\node_modules\protractor\built\element.js:831:22)
                    at UserContext.it (C:\Users\PC USER\Desktop\BookIT\Test\spec.js:29:26)
                    at C:\Users\PC USER\AppData\Roaming\npm\node_modules\protractor\node_modules\jasminewd2\index.js:112:25
                    at new ManagedPromise (C:\Users\PC USER\AppData\Roaming\npm\node_modules\protractor\node_modules\selenium-webdriver\lib\promise.js:1077:7)
                    at ControlFlow.promise (C:\Users\PC USER\AppData\Roaming\npm\node_modules\protractor\node_modules\selenium-webdriver\lib\promise.js:2505:12)
                    at schedulerExecute (C:\Users\PC USER\AppData\Roaming\npm\node_modules\protractor\node_modules\jasminewd2\index.js:95:18)
                    at TaskQueue.execute_ (C:\Users\PC USER\AppData\Roaming\npm\node_modules\protractor\node_modules\selenium-webdriver\lib\promise.js:3084:14)
                    at TaskQueue.executeNext_ (C:\Users\PC USER\AppData\Roaming\npm\node_modules\protractor\node_modules\selenium-webdriver\lib\promise.js:3067:27)
                From: Task: Run it("should successfully logIn") in control flow
                    at UserContext.&lt;anonymous> (C:\Users\PC USER\AppData\Roaming\npm\node_modules\protractor\node_modules\jasminewd2\index.js:94:19)
                    at attempt (C:\Users\PC USER\AppData\Roaming\npm\node_modules\protractor\node_modules\jasmine-core\lib\jasmine-core\jasmine.js:4297:26)
                    at QueueRunner.run (C:\Users\PC USER\AppData\Roaming\npm\node_modules\protractor\node_modules\jasmine-core\lib\jasmine-core\jasmine.js:4217:20)
                    at runNext (C:\Users\PC USER\AppData\Roaming\npm\node_modules\protractor\node_modules\jasmine-core\lib\jasmine-core\jasmine.js:4257:20)
                    at C:\Users\PC USER\AppData\Roaming\npm\node_modules\protractor\node_modules\jasmine-core\lib\jasmine-core\jasmine.js:4264:13
                    at C:\Users\PC USER\AppData\Roaming\npm\node_modules\protractor\node_modules\jasmine-core\lib\jasmine-core\jasmine.js:4172:9
                    at C:\Users\PC USER\AppData\Roaming\npm\node_modules\protractor\node_modules\jasminewd2\index.js:64:48
                    at ControlFlow.emit (C:\Users\PC USER\AppData\Roaming\npm\node_modules\protractor\node_modules\selenium-webdriver\lib\events.js:62:21)
                    at ControlFlow.shutdown_ (C:\Users\PC USER\AppData\Roaming\npm\node_modules\protractor\node_modules\selenium-webdriver\lib\promise.js:2674:10)
                    at shutdownTask_.MicroTask (C:\Users\PC USER\AppData\Roaming\npm\node_modules\protractor\node_modules\selenium-webdriver\lib\promise.js:2599:53)
                From asynchronous test: 
                Error
                    at Suite.describe (C:\Users\PC USER\Desktop\BookIT\Test\spec.js:24:5)
                    at addSpecsToSuite (C:\Users\PC USER\AppData\Roaming\npm\node_modules\protractor\node_modules\jasmine-core\lib\jasmine-core\jasmine.js:1107:25)
                    at Env.describe (C:\Users\PC USER\AppData\Roaming\npm\node_modules\protractor\node_modules\jasmine-core\lib\jasmine-core\jasmine.js:1074:7)
                    at describe (C:\Users\PC USER\AppData\Roaming\npm\node_modules\protractor\node_modules\jasmine-core\lib\jasmine-core\jasmine.js:4399:18)
                    at Object.&lt;anonymous> (C:\Users\PC USER\Desktop\BookIT\Test\spec.js:10:1)
                    at Module._compile (module.js:653:30)
                    at Object.Module._extensions..js (module.js:664:10)
                    at Module.load (module.js:566:32)
                    at tryModuleLoad (module.js:506:12)</stack-trace>
            </failure>
        </test-case>
        <test-case start='1547004652378' status='failed' stop='1547004652672'>
            <name>should be able to click hunt link</name>
            <title>should be able to click hunt link</title>
            <labels/>
            <parameters/>
            <steps/>
            <attachments/>
            <failure>
                <message>Failed: unknown error: session deleted because error encountered when notifying listeners of 'GetLog' command
                from disconnected: not connected to DevTools
                  (Session info: chrome=71.0.3578.98)
                  (Driver info: chromedriver=2.45.615291 (ec3682e3c9061c10f26ea9e5cdcf3c53f3f74387),platform=Windows NT 10.0.17134 x86_64)</message>
                <stack-trace>WebDriverError: unknown error: session deleted because error encountered when notifying listeners of 'GetLog' command
                from disconnected: not connected to DevTools
                  (Session info: chrome=71.0.3578.98)
                  (Driver info: chromedriver=2.45.615291 (ec3682e3c9061c10f26ea9e5cdcf3c53f3f74387),platform=Windows NT 10.0.17134 x86_64)
                    at Object.checkLegacyResponse (C:\Users\PC USER\AppData\Roaming\npm\node_modules\protractor\node_modules\selenium-webdriver\lib\error.js:546:15)
                    at parseHttpResponse (C:\Users\PC USER\AppData\Roaming\npm\node_modules\protractor\node_modules\selenium-webdriver\lib\http.js:509:13)
                    at doSend.then.response (C:\Users\PC USER\AppData\Roaming\npm\node_modules\protractor\node_modules\selenium-webdriver\lib\http.js:441:30)
                    at &lt;anonymous>
                    at process._tickCallback (internal/process/next_tick.js:189:7)
                From: Task: WebDriver.manage().logs().get(browser)
                    at Driver.schedule (C:\Users\PC USER\AppData\Roaming\npm\node_modules\protractor\node_modules\selenium-webdriver\lib\webdriver.js:807:17)
                    at Logs.get (C:\Users\PC USER\AppData\Roaming\npm\node_modules\protractor\node_modules\selenium-webdriver\lib\webdriver.js:1731:25)
                    at Jasmine2Reporter._callee7$ (C:\Users\PC USER\Desktop\BookIT\node_modules\protractor-beautiful-reporter\index.js:4926:64)
                    at tryCatch (C:\Users\PC USER\Desktop\BookIT\node_modules\protractor-beautiful-reporter\index.js:5432:40)
                    at Generator.invoke [as _invoke] (C:\Users\PC USER\Desktop\BookIT\node_modules\protractor-beautiful-reporter\index.js:5706:22)
                    at Generator.prototype.(anonymous function) [as next] (C:\Users\PC USER\Desktop\BookIT\node_modules\protractor-beautiful-reporter\index.js:5465:21)
                    at step (C:\Users\PC USER\Desktop\BookIT\node_modules\protractor-beautiful-reporter\index.js:4487:191)
                    at C:\Users\PC USER\Desktop\BookIT\node_modules\protractor-beautiful-reporter\index.js:4487:361
                    at &lt;anonymous>
                    at process._tickCallback (internal/process/next_tick.js:189:7)
                From: Task: Run beforeEach in control flow
                    at UserContext.&lt;anonymous> (C:\Users\PC USER\AppData\Roaming\npm\node_modules\protractor\node_modules\jasminewd2\index.js:94:19)
                    at attempt (C:\Users\PC USER\AppData\Roaming\npm\node_modules\protractor\node_modules\jasmine-core\lib\jasmine-core\jasmine.js:4297:26)
                    at QueueRunner.run (C:\Users\PC USER\AppData\Roaming\npm\node_modules\protractor\node_modules\jasmine-core\lib\jasmine-core\jasmine.js:4217:20)
                    at QueueRunner.execute (C:\Users\PC USER\AppData\Roaming\npm\node_modules\protractor\node_modules\jasmine-core\lib\jasmine-core\jasmine.js:4199:10)
                    at Spec.queueRunnerFactory (C:\Users\PC USER\AppData\Roaming\npm\node_modules\protractor\node_modules\jasmine-core\lib\jasmine-core\jasmine.js:909:35)
                    at Spec.execute (C:\Users\PC USER\AppData\Roaming\npm\node_modules\protractor\node_modules\jasmine-core\lib\jasmine-core\jasmine.js:526:10)
                    at UserContext.fn (C:\Users\PC USER\AppData\Roaming\npm\node_modules\protractor\node_modules\jasmine-core\lib\jasmine-core\jasmine.js:5340:37)
                    at attempt (C:\Users\PC USER\AppData\Roaming\npm\node_modules\protractor\node_modules\jasmine-core\lib\jasmine-core\jasmine.js:4297:26)
                    at QueueRunner.run (C:\Users\PC USER\AppData\Roaming\npm\node_modules\protractor\node_modules\jasmine-core\lib\jasmine-core\jasmine.js:4217:20)
                    at runNext (C:\Users\PC USER\AppData\Roaming\npm\node_modules\protractor\node_modules\jasmine-core\lib\jasmine-core\jasmine.js:4257:20)
                From asynchronous test: 
                Error
                    at Jasmine2Reporter.jasmineStarted (C:\Users\PC USER\Desktop\BookIT\node_modules\protractor-beautiful-reporter\index.js:4720:13)
                    at dispatch (C:\Users\PC USER\AppData\Roaming\npm\node_modules\protractor\node_modules\jasmine-core\lib\jasmine-core\jasmine.js:4366:28)
                    at ReportDispatcher.jasmineStarted (C:\Users\PC USER\AppData\Roaming\npm\node_modules\protractor\node_modules\jasmine-core\lib\jasmine-core\jasmine.js:4337:11)
                    at Env.execute (C:\Users\PC USER\AppData\Roaming\npm\node_modules\protractor\node_modules\jasmine-core\lib\jasmine-core\jasmine.js:975:16)
                    at Jasmine.execute (C:\Users\PC USER\AppData\Roaming\npm\node_modules\protractor\node_modules\jasmine\lib\jasmine.js:200:12)
                    at C:\Users\PC USER\AppData\Roaming\npm\node_modules\protractor\built\frameworks\jasmine.js:132:15
                    at Function.promise (C:\Users\PC USER\AppData\Roaming\npm\node_modules\protractor\node_modules\q\q.js:682:9)
                    at C:\Users\PC USER\AppData\Roaming\npm\node_modules\protractor\built\frameworks\jasmine.js:104:14
                    at _fulfilled (C:\Users\PC USER\AppData\Roaming\npm\node_modules\protractor\node_modules\q\q.js:834:54)</stack-trace>
            </failure>
        </test-case>
        <test-case start='1547004652672' status='failed' stop='1547004652694'>
            <name>should be able to enter the valid dates and see the options available</name>
            <title>should be able to enter the valid dates and see the options available</title>
            <labels/>
            <parameters/>
            <steps/>
            <attachments/>
            <failure>
                <message>Failed: unknown error: session deleted because error encountered when notifying listeners of 'GetLog' command
                from disconnected: not connected to DevTools
                  (Session info: chrome=71.0.3578.98)
                  (Driver info: chromedriver=2.45.615291 (ec3682e3c9061c10f26ea9e5cdcf3c53f3f74387),platform=Windows NT 10.0.17134 x86_64)</message>
                <stack-trace>WebDriverError: unknown error: session deleted because error encountered when notifying listeners of 'GetLog' command
                from disconnected: not connected to DevTools
                  (Session info: chrome=71.0.3578.98)
                  (Driver info: chromedriver=2.45.615291 (ec3682e3c9061c10f26ea9e5cdcf3c53f3f74387),platform=Windows NT 10.0.17134 x86_64)
                    at Object.checkLegacyResponse (C:\Users\PC USER\AppData\Roaming\npm\node_modules\protractor\node_modules\selenium-webdriver\lib\error.js:546:15)
                    at parseHttpResponse (C:\Users\PC USER\AppData\Roaming\npm\node_modules\protractor\node_modules\selenium-webdriver\lib\http.js:509:13)
                    at doSend.then.response (C:\Users\PC USER\AppData\Roaming\npm\node_modules\protractor\node_modules\selenium-webdriver\lib\http.js:441:30)
                    at &lt;anonymous>
                    at process._tickCallback (internal/process/next_tick.js:189:7)
                From: Task: WebDriver.manage().logs().get(browser)
                    at Driver.schedule (C:\Users\PC USER\AppData\Roaming\npm\node_modules\protractor\node_modules\selenium-webdriver\lib\webdriver.js:807:17)
                    at Logs.get (C:\Users\PC USER\AppData\Roaming\npm\node_modules\protractor\node_modules\selenium-webdriver\lib\webdriver.js:1731:25)
                    at Jasmine2Reporter._callee7$ (C:\Users\PC USER\Desktop\BookIT\node_modules\protractor-beautiful-reporter\index.js:4926:64)
                    at tryCatch (C:\Users\PC USER\Desktop\BookIT\node_modules\protractor-beautiful-reporter\index.js:5432:40)
                    at Generator.invoke [as _invoke] (C:\Users\PC USER\Desktop\BookIT\node_modules\protractor-beautiful-reporter\index.js:5706:22)
                    at Generator.prototype.(anonymous function) [as next] (C:\Users\PC USER\Desktop\BookIT\node_modules\protractor-beautiful-reporter\index.js:5465:21)
                    at step (C:\Users\PC USER\Desktop\BookIT\node_modules\protractor-beautiful-reporter\index.js:4487:191)
                    at C:\Users\PC USER\Desktop\BookIT\node_modules\protractor-beautiful-reporter\index.js:4487:361
                    at &lt;anonymous>
                    at process._tickCallback (internal/process/next_tick.js:189:7)
                From: Task: Run beforeEach in control flow
                    at UserContext.&lt;anonymous> (C:\Users\PC USER\AppData\Roaming\npm\node_modules\protractor\node_modules\jasminewd2\index.js:94:19)
                    at attempt (C:\Users\PC USER\AppData\Roaming\npm\node_modules\protractor\node_modules\jasmine-core\lib\jasmine-core\jasmine.js:4297:26)
                    at QueueRunner.run (C:\Users\PC USER\AppData\Roaming\npm\node_modules\protractor\node_modules\jasmine-core\lib\jasmine-core\jasmine.js:4217:20)
                    at QueueRunner.execute (C:\Users\PC USER\AppData\Roaming\npm\node_modules\protractor\node_modules\jasmine-core\lib\jasmine-core\jasmine.js:4199:10)
                    at Spec.queueRunnerFactory (C:\Users\PC USER\AppData\Roaming\npm\node_modules\protractor\node_modules\jasmine-core\lib\jasmine-core\jasmine.js:909:35)
                    at Spec.execute (C:\Users\PC USER\AppData\Roaming\npm\node_modules\protractor\node_modules\jasmine-core\lib\jasmine-core\jasmine.js:526:10)
                    at UserContext.fn (C:\Users\PC USER\AppData\Roaming\npm\node_modules\protractor\node_modules\jasmine-core\lib\jasmine-core\jasmine.js:5340:37)
                    at attempt (C:\Users\PC USER\AppData\Roaming\npm\node_modules\protractor\node_modules\jasmine-core\lib\jasmine-core\jasmine.js:4297:26)
                    at QueueRunner.run (C:\Users\PC USER\AppData\Roaming\npm\node_modules\protractor\node_modules\jasmine-core\lib\jasmine-core\jasmine.js:4217:20)
                    at runNext (C:\Users\PC USER\AppData\Roaming\npm\node_modules\protractor\node_modules\jasmine-core\lib\jasmine-core\jasmine.js:4257:20)
                From asynchronous test: 
                Error
                    at Jasmine2Reporter.jasmineStarted (C:\Users\PC USER\Desktop\BookIT\node_modules\protractor-beautiful-reporter\index.js:4720:13)
                    at dispatch (C:\Users\PC USER\AppData\Roaming\npm\node_modules\protractor\node_modules\jasmine-core\lib\jasmine-core\jasmine.js:4366:28)
                    at ReportDispatcher.jasmineStarted (C:\Users\PC USER\AppData\Roaming\npm\node_modules\protractor\node_modules\jasmine-core\lib\jasmine-core\jasmine.js:4337:11)
                    at Env.execute (C:\Users\PC USER\AppData\Roaming\npm\node_modules\protractor\node_modules\jasmine-core\lib\jasmine-core\jasmine.js:975:16)
                    at Jasmine.execute (C:\Users\PC USER\AppData\Roaming\npm\node_modules\protractor\node_modules\jasmine\lib\jasmine.js:200:12)
                    at C:\Users\PC USER\AppData\Roaming\npm\node_modules\protractor\built\frameworks\jasmine.js:132:15
                    at Function.promise (C:\Users\PC USER\AppData\Roaming\npm\node_modules\protractor\node_modules\q\q.js:682:9)
                    at C:\Users\PC USER\AppData\Roaming\npm\node_modules\protractor\built\frameworks\jasmine.js:104:14
                    at _fulfilled (C:\Users\PC USER\AppData\Roaming\npm\node_modules\protractor\node_modules\q\q.js:834:54)
                From: Task: Run beforeEach in control flow
                    at UserContext.&lt;anonymous> (C:\Users\PC USER\AppData\Roaming\npm\node_modules\protractor\node_modules\jasminewd2\index.js:94:19)
                    at attempt (C:\Users\PC USER\AppData\Roaming\npm\node_modules\protractor\node_modules\jasmine-core\lib\jasmine-core\jasmine.js:4297:26)
                    at QueueRunner.run (C:\Users\PC USER\AppData\Roaming\npm\node_modules\protractor\node_modules\jasmine-core\lib\jasmine-core\jasmine.js:4217:20)
                    at QueueRunner.execute (C:\Users\PC USER\AppData\Roaming\npm\node_modules\protractor\node_modules\jasmine-core\lib\jasmine-core\jasmine.js:4199:10)
                    at Spec.queueRunnerFactory (C:\Users\PC USER\AppData\Roaming\npm\node_modules\protractor\node_modules\jasmine-core\lib\jasmine-core\jasmine.js:909:35)
                    at Spec.execute (C:\Users\PC USER\AppData\Roaming\npm\node_modules\protractor\node_modules\jasmine-core\lib\jasmine-core\jasmine.js:526:10)
                    at UserContext.fn (C:\Users\PC USER\AppData\Roaming\npm\node_modules\protractor\node_modules\jasmine-core\lib\jasmine-core\jasmine.js:5340:37)
                    at attempt (C:\Users\PC USER\AppData\Roaming\npm\node_modules\protractor\node_modules\jasmine-core\lib\jasmine-core\jasmine.js:4297:26)
                    at QueueRunner.run (C:\Users\PC USER\AppData\Roaming\npm\node_modules\protractor\node_modules\jasmine-core\lib\jasmine-core\jasmine.js:4217:20)
                    at runNext (C:\Users\PC USER\AppData\Roaming\npm\node_modules\protractor\node_modules\jasmine-core\lib\jasmine-core\jasmine.js:4257:20)
                From asynchronous test: 
                Error
                    at Jasmine2Reporter.jasmineStarted (C:\Users\PC USER\Desktop\BookIT\node_modules\protractor-beautiful-reporter\index.js:4720:13)
                    at dispatch (C:\Users\PC USER\AppData\Roaming\npm\node_modules\protractor\node_modules\jasmine-core\lib\jasmine-core\jasmine.js:4366:28)
                    at ReportDispatcher.jasmineStarted (C:\Users\PC USER\AppData\Roaming\npm\node_modules\protractor\node_modules\jasmine-core\lib\jasmine-core\jasmine.js:4337:11)
                    at Env.execute (C:\Users\PC USER\AppData\Roaming\npm\node_modules\protractor\node_modules\jasmine-core\lib\jasmine-core\jasmine.js:975:16)
                    at Jasmine.execute (C:\Users\PC USER\AppData\Roaming\npm\node_modules\protractor\node_modules\jasmine\lib\jasmine.js:200:12)
                    at C:\Users\PC USER\AppData\Roaming\npm\node_modules\protractor\built\frameworks\jasmine.js:132:15
                    at Function.promise (C:\Users\PC USER\AppData\Roaming\npm\node_modules\protractor\node_modules\q\q.js:682:9)
                    at C:\Users\PC USER\AppData\Roaming\npm\node_modules\protractor\built\frameworks\jasmine.js:104:14
                    at _fulfilled (C:\Users\PC USER\AppData\Roaming\npm\node_modules\protractor\node_modules\q\q.js:834:54)</stack-trace>
            </failure>
        </test-case>
    </test-cases>
</ns2:test-suite>